<?xml version="1.0" encoding="UTF-8"?>
<!-- Generated by org.testng.reporters.JUnitReportReporter -->
<testsuite hostname="DESKTOP-UN3NPCI" name="testCases.HomePageTest" tests="1" failures="0" timestamp="18 Apr 2021 07:45:30 GMT" time="0.512" errors="0">
  <testcase name="selectOneWay" time="0.512" classname="testCases.HomePageTest"/>
</testsuite> <!-- testCases.HomePageTest -->
